# JRE version: OpenJDK Runtime Environment Temurin-21.0.8+9 (21.0.8+9) (build 21.0.8+9-LTS)
# Java VM: OpenJDK 64-Bit Server VM Temurin-21.0.8+9 (21.0.8+9-LTS, mixed mode, emulated-client, sharing, tiered, compressed oops, compressed class ptrs, g1 gc, windows-amd64)
GC Precious Log:
 CardTable entry size: 512
 Card Set container configuration: InlinePtr #cards 4 size 8 Array Of Cards #cards 16 size 48 Howl #buckets 8 coarsen threshold 3686 Howl Bitmap #cards 512 size 80 coarsen threshold 460 Card regions per heap region 1 cards per card region 4096
 CPUs: 14 total, 14 available
 Memory: 15768M
 Large Page Support: Disabled
 NUMA Support: Disabled
 Compressed Oops: Enabled (Zero based)
 Heap Region Size: 2M
 Heap Min Capacity: 8M
 Heap Initial Capacity: 248M
 Heap Max Capacity: 3944M
 Pre-touch: Disabled
 Parallel Workers: 11
 Concurrent Workers: 3
 Concurrent Refinement Workers: 11
 Periodic GC: Disabled
Heap:
 garbage-first heap   total 108544K, used 48446K [0x0000000709800000, 0x0000000800000000)
  region size 2048K, 2 young (4096K), 2 survivors (4096K)
 Metaspace       used 72118K, committed 73088K, reserved 1114112K
  class space    used 9307K, committed 9728K, reserved 1048576K
GC Heap History (20 events):
Event: 3.099 GC heap after
{Heap after GC invocations=12 (full 0):
 garbage-first heap   total 90112K, used 27701K [0x0000000709800000, 0x0000000800000000)
  region size 2048K, 2 young (4096K), 2 survivors (4096K)
 Metaspace       used 38951K, committed 39552K, reserved 1114112K
  class space    used 5224K, committed 5504K, reserved 1048576K
}
Event: 3.142 GC heap before
{Heap before GC invocations=12 (full 0):
 garbage-first heap   total 90112K, used 76853K [0x0000000709800000, 0x0000000800000000)
  region size 2048K, 26 young (53248K), 2 survivors (4096K)
 Metaspace       used 39069K, committed 39680K, reserved 1114112K
  class space    used 5231K, committed 5504K, reserved 1048576K
}
Event: 3.144 GC heap after
{Heap after GC invocations=13 (full 0):
 garbage-first heap   total 108544K, used 28832K [0x0000000709800000, 0x0000000800000000)
  region size 2048K, 3 young (6144K), 3 survivors (6144K)
 Metaspace       used 39069K, committed 39680K, reserved 1114112K
  class space    used 5231K, committed 5504K, reserved 1048576K
}
Event: 3.183 GC heap before
{Heap before GC invocations=13 (full 0):
 garbage-first heap   total 108544K, used 86176K [0x0000000709800000, 0x0000000800000000)
  region size 2048K, 31 young (63488K), 3 survivors (6144K)
 Metaspace       used 39110K, committed 39680K, reserved 1114112K
  class space    used 5234K, committed 5504K, reserved 1048576K
}
Event: 3.185 GC heap after
{Heap after GC invocations=14 (full 0):
 garbage-first heap   total 108544K, used 29682K [0x0000000709800000, 0x0000000800000000)
  region size 2048K, 3 young (6144K), 3 survivors (6144K)
 Metaspace       used 39110K, committed 39680K, reserved 1114112K
  class space    used 5234K, committed 5504K, reserved 1048576K
}
Event: 3.497 GC heap before
{Heap before GC invocations=14 (full 0):
 garbage-first heap   total 108544K, used 87026K [0x0000000709800000, 0x0000000800000000)
  region size 2048K, 31 young (63488K), 3 survivors (6144K)
 Metaspace       used 41273K, committed 41920K, reserved 1114112K
  class space    used 5479K, committed 5760K, reserved 1048576K
}
Event: 3.499 GC heap after
{Heap after GC invocations=15 (full 0):
 garbage-first heap   total 108544K, used 32443K [0x0000000709800000, 0x0000000800000000)
  region size 2048K, 4 young (8192K), 4 survivors (8192K)
 Metaspace       used 41273K, committed 41920K, reserved 1114112K
  class space    used 5479K, committed 5760K, reserved 1048576K
}
Event: 4.055 GC heap before
{Heap before GC invocations=15 (full 0):
 garbage-first heap   total 108544K, used 87739K [0x0000000709800000, 0x0000000800000000)
  region size 2048K, 31 young (63488K), 4 survivors (8192K)
 Metaspace       used 45322K, committed 46144K, reserved 1114112K
  class space    used 6016K, committed 6400K, reserved 1048576K
}
Event: 4.058 GC heap after
{Heap after GC invocations=16 (full 0):
 garbage-first heap   total 108544K, used 36279K [0x0000000709800000, 0x0000000800000000)
  region size 2048K, 4 young (8192K), 4 survivors (8192K)
 Metaspace       used 45322K, committed 46144K, reserved 1114112K
  class space    used 6016K, committed 6400K, reserved 1048576K
}
Event: 8.726 GC heap before
{Heap before GC invocations=16 (full 0):
 garbage-first heap   total 108544K, used 89527K [0x0000000709800000, 0x0000000800000000)
  region size 2048K, 31 young (63488K), 4 survivors (8192K)
 Metaspace       used 48968K, committed 49856K, reserved 1114112K
  class space    used 6580K, committed 6976K, reserved 1048576K
}
Event: 8.730 GC heap after
{Heap after GC invocations=17 (full 0):
 garbage-first heap   total 108544K, used 39592K [0x0000000709800000, 0x0000000800000000)
  region size 2048K, 4 young (8192K), 4 survivors (8192K)
 Metaspace       used 48968K, committed 49856K, reserved 1114112K
  class space    used 6580K, committed 6976K, reserved 1048576K
}
Event: 10.396 GC heap before
{Heap before GC invocations=17 (full 0):
 garbage-first heap   total 108544K, used 72360K [0x0000000709800000, 0x0000000800000000)
  region size 2048K, 22 young (45056K), 4 survivors (8192K)
 Metaspace       used 56279K, committed 57152K, reserved 1114112K
  class space    used 7334K, committed 7744K, reserved 1048576K
}
Event: 10.400 GC heap after
{Heap after GC invocations=18 (full 0):
 garbage-first heap   total 108544K, used 42138K [0x0000000709800000, 0x0000000800000000)
  region size 2048K, 3 young (6144K), 3 survivors (6144K)
 Metaspace       used 56279K, committed 57152K, reserved 1114112K
  class space    used 7334K, committed 7744K, reserved 1048576K
}
Event: 14.768 GC heap before
{Heap before GC invocations=19 (full 0):
 garbage-first heap   total 108544K, used 91290K [0x0000000709800000, 0x0000000800000000)
  region size 2048K, 28 young (57344K), 3 survivors (6144K)
 Metaspace       used 67619K, committed 68608K, reserved 1114112K
  class space    used 8732K, committed 9152K, reserved 1048576K
}
Event: 14.772 GC heap after
{Heap after GC invocations=20 (full 0):
 garbage-first heap   total 108544K, used 44722K [0x0000000709800000, 0x0000000800000000)
  region size 2048K, 3 young (6144K), 3 survivors (6144K)
 Metaspace       used 67619K, committed 68608K, reserved 1114112K
  class space    used 8732K, committed 9152K, reserved 1048576K
}
Event: 15.189 GC heap before
{Heap before GC invocations=20 (full 0):
 garbage-first heap   total 108544K, used 93874K [0x0000000709800000, 0x0000000800000000)
  region size 2048K, 26 young (53248K), 3 survivors (6144K)
 Metaspace       used 69484K, committed 70464K, reserved 1114112K
  class space    used 9037K, committed 9472K, reserved 1048576K
}
Event: 15.193 GC heap after
{Heap after GC invocations=21 (full 0):
 garbage-first heap   total 108544K, used 48653K [0x0000000709800000, 0x0000000800000000)
  region size 2048K, 4 young (8192K), 4 survivors (8192K)
 Metaspace       used 69484K, committed 70464K, reserved 1114112K
  class space    used 9037K, committed 9472K, reserved 1048576K
}
Event: 15.490 GC heap before
{Heap before GC invocations=21 (full 0):
 garbage-first heap   total 108544K, used 87565K [0x0000000709800000, 0x0000000800000000)
  region size 2048K, 25 young (51200K), 4 survivors (8192K)
 Metaspace       used 69733K, committed 70720K, reserved 1114112K
  class space    used 9063K, committed 9472K, reserved 1048576K
}
Event: 15.493 GC heap after
{Heap after GC invocations=22 (full 0):
 garbage-first heap   total 108544K, used 47467K [0x0000000709800000, 0x0000000800000000)
  region size 2048K, 2 young (4096K), 2 survivors (4096K)
 Metaspace       used 69733K, committed 70720K, reserved 1114112K
  class space    used 9063K, committed 9472K, reserved 1048576K
}
Event: 16.036 GC heap before
{Heap before GC invocations=23 (full 0):
 garbage-first heap   total 108544K, used 92523K [0x0000000709800000, 0x0000000800000000)
  region size 2048K, 25 young (51200K), 2 survivors (4096K)
 Metaspace       used 72118K, committed 73088K, reserved 1114112K
  class space    used 9307K, committed 9728K, reserved 1048576K
}

